<?xml version="1.0" encoding="UTF-8"?>
<!-- Generated by org.testng.reporters.JUnitReportReporter -->
<testsuite hostname="Govind" failures="0" tests="5" name="TestCases.PutUsersTest" time="3.774" errors="0" timestamp="2024-11-08T21:37:28 IST" skipped="0">
  <testcase classname="TestCases.PutUsersTest" name="tc_022" time="1.459"/>
  <testcase classname="TestCases.PutUsersTest" name="getSystemProperty" time="0.000"/>
  <testcase classname="TestCases.PutUsersTest" name="tc_019" time="1.131"/>
  <testcase classname="TestCases.PutUsersTest" name="tc_021" time="0.176"/>
  <testcase classname="TestCases.PutUsersTest" name="tc_020" time="1.008"/>
</testsuite> <!-- TestCases.PutUsersTest -->
