<?xml version="1.0" encoding="UTF-8"?>
<!-- Generated by org.testng.reporters.JUnitReportReporter -->
<testsuite hostname="Govind" failures="0" tests="6" name="TestCases.PatchUsersTest" time="3.275" errors="0" timestamp="2024-11-08T21:37:28 IST" skipped="0">
  <testcase classname="TestCases.PatchUsersTest" name="tc_024" time="0.647"/>
  <testcase classname="TestCases.PatchUsersTest" name="test_023" time="1.002"/>
  <testcase classname="TestCases.PatchUsersTest" name="tc_025" time="0.595"/>
  <testcase classname="TestCases.PatchUsersTest" name="getSystemProperty" time="0.003"/>
  <testcase classname="TestCases.PatchUsersTest" name="tc_026" time="0.340"/>
  <testcase classname="TestCases.PatchUsersTest" name="tc_027" time="0.688"/>
</testsuite> <!-- TestCases.PatchUsersTest -->
