<?xml version="1.0" encoding="UTF-8"?>
<!-- Generated by org.testng.reporters.JUnitReportReporter -->
<testsuite hostname="Govind" failures="0" tests="5" name="TestCases.DeleteUsersTest" time="2.677" errors="0" timestamp="2024-11-08T21:37:28 IST" skipped="0">
  <testcase classname="TestCases.DeleteUsersTest" name="getSystemProperty" time="0.000"/>
  <testcase classname="TestCases.DeleteUsersTest" name="tc_018" time="0.643"/>
  <testcase classname="TestCases.DeleteUsersTest" name="tc_016" time="1.010"/>
  <testcase classname="TestCases.DeleteUsersTest" name="tc_017" time="0.111"/>
  <testcase classname="TestCases.DeleteUsersTest" name="tc_015" time="0.913"/>
</testsuite> <!-- TestCases.DeleteUsersTest -->
