<?xml version="1.0" encoding="UTF-8"?>
<!-- Generated by org.testng.reporters.JUnitReportReporter -->
<testsuite hostname="Govind" failures="0" tests="9" name="TestCases.PostUsersTest" time="5.112" errors="0" timestamp="2024-11-08T21:37:28 IST" skipped="0">
  <testcase classname="TestCases.PostUsersTest" name="test_010" time="0.317"/>
  <testcase classname="TestCases.PostUsersTest" name="test_014" time="0.930"/>
  <testcase classname="TestCases.PostUsersTest" name="getSystemProperty" time="0.000"/>
  <testcase classname="TestCases.PostUsersTest" name="test_011" time="0.303"/>
  <testcase classname="TestCases.PostUsersTest" name="test_009" time="0.515"/>
  <testcase classname="TestCases.PostUsersTest" name="test_013" time="1.000"/>
  <testcase classname="TestCases.PostUsersTest" name="tc_007" time="0.309"/>
  <testcase classname="TestCases.PostUsersTest" name="tc_008" time="1.112"/>
  <testcase classname="TestCases.PostUsersTest" name="test_012" time="0.626"/>
</testsuite> <!-- TestCases.PostUsersTest -->
